<?xml version="1.0" encoding="UTF-8"?>
<testng-results skipped="0" failed="0" ignored="0" total="0" passed="0">
  <reporter-output>
  </reporter-output>
  <suite name="com.BELL.AppTest" duration-ms="11" started-at="2019-12-09T07:23:54Z" finished-at="2019-12-09T07:23:54Z">
    <groups>
    </groups>
    <test name="Command line test" duration-ms="11" started-at="2019-12-09T07:23:54Z" finished-at="2019-12-09T07:23:54Z">
    </test> <!-- Command line test -->
  </suite> <!-- com.BELL.AppTest -->
</testng-results>
