<?xml version="1.0" encoding="UTF-8"?>
<testng-results skipped="0" failed="0" ignored="0" total="1" passed="1">
  <reporter-output>
  </reporter-output>
  <suite name="Default suite" duration-ms="113102" started-at="2020-01-05T17:27:17Z" finished-at="2020-01-05T17:29:10Z">
    <groups>
    </groups>
    <test name="Default test" duration-ms="113102" started-at="2020-01-05T17:27:17Z" finished-at="2020-01-05T17:29:10Z">
      <class name="sumit1.ReviewTest">
        <test-method status="PASS" signature="ClubMahindraHotels()[pri:0, instance:sumit1.ReviewTest@29ee9faa]" name="ClubMahindraHotels" duration-ms="113064" started-at="2020-01-05T17:27:17Z" finished-at="2020-01-05T17:29:10Z">
          <reporter-output>
          </reporter-output>
        </test-method> <!-- ClubMahindraHotels -->
      </class> <!-- sumit1.ReviewTest -->
    </test> <!-- Default test -->
  </suite> <!-- Default suite -->
</testng-results>
